Determining if the pthread_create exist failed with the following output:
Change Dir: /home/pi/releas/build/CMakeFiles/CMakeTmp

Run Build Command:"/usr/bin/make" "cmTC_b84d7/fast"
/usr/bin/make -f CMakeFiles/cmTC_b84d7.dir/build.make CMakeFiles/cmTC_b84d7.dir/build
make[1]: вход в каталог «/home/pi/releas/build/CMakeFiles/CMakeTmp»
Building C object CMakeFiles/cmTC_b84d7.dir/CheckSymbolExists.c.o
/usr/bin/cc     -o CMakeFiles/cmTC_b84d7.dir/CheckSymbolExists.c.o   -c /home/pi/releas/build/CMakeFiles/CMakeTmp/CheckSymbolExists.c
Linking C executable cmTC_b84d7
/usr/bin/cmake -E cmake_link_script CMakeFiles/cmTC_b84d7.dir/link.txt --verbose=1
/usr/bin/cc       CMakeFiles/cmTC_b84d7.dir/CheckSymbolExists.c.o  -o cmTC_b84d7 -rdynamic 
CMakeFiles/cmTC_b84d7.dir/CheckSymbolExists.c.o: In function `main':
CheckSymbolExists.c:(.text+0x38): undefined reference to `pthread_create'
collect2: error: ld returned 1 exit status
CMakeFiles/cmTC_b84d7.dir/build.make:97: ошибка выполнения рецепта для цели «cmTC_b84d7»
make[1]: *** [cmTC_b84d7] Ошибка 1
make[1]: выход из каталога «/home/pi/releas/build/CMakeFiles/CMakeTmp»
Makefile:126: ошибка выполнения рецепта для цели «cmTC_b84d7/fast»
make: *** [cmTC_b84d7/fast] Ошибка 2

File /home/pi/releas/build/CMakeFiles/CMakeTmp/CheckSymbolExists.c:
/* */
#include <pthread.h>

int main(int argc, char** argv)
{
  (void)argv;
#ifndef pthread_create
  return ((int*)(&pthread_create))[argc];
#else
  (void)argc;
  return 0;
#endif
}

Determining if the function pthread_create exists in the pthreads failed with the following output:
Change Dir: /home/pi/releas/build/CMakeFiles/CMakeTmp

Run Build Command:"/usr/bin/make" "cmTC_746da/fast"
/usr/bin/make -f CMakeFiles/cmTC_746da.dir/build.make CMakeFiles/cmTC_746da.dir/build
make[1]: вход в каталог «/home/pi/releas/build/CMakeFiles/CMakeTmp»
Building C object CMakeFiles/cmTC_746da.dir/CheckFunctionExists.c.o
/usr/bin/cc    -DCHECK_FUNCTION_EXISTS=pthread_create   -o CMakeFiles/cmTC_746da.dir/CheckFunctionExists.c.o   -c /usr/share/cmake-3.7/Modules/CheckFunctionExists.c
Linking C executable cmTC_746da
/usr/bin/cmake -E cmake_link_script CMakeFiles/cmTC_746da.dir/link.txt --verbose=1
/usr/bin/cc   -DCHECK_FUNCTION_EXISTS=pthread_create    CMakeFiles/cmTC_746da.dir/CheckFunctionExists.c.o  -o cmTC_746da -rdynamic -lpthreads 
/usr/bin/ld: cannot find -lpthreads
collect2: error: ld returned 1 exit status
CMakeFiles/cmTC_746da.dir/build.make:97: ошибка выполнения рецепта для цели «cmTC_746da»
make[1]: *** [cmTC_746da] Ошибка 1
make[1]: выход из каталога «/home/pi/releas/build/CMakeFiles/CMakeTmp»
Makefile:126: ошибка выполнения рецепта для цели «cmTC_746da/fast»
make: *** [cmTC_746da/fast] Ошибка 2


